> Task :app:preBuild UP-TO-DATE
> Task :app:preDebugBuild UP-TO-DATE
> Task :app:mergeDebugNativeDebugMetadata NO-SOURCE
> Task :app:checkKotlinGradlePluginConfigurationErrors SKIPPED
> Task :app:generateDebugResValues
> Task :app:dataBindingMergeDependencyArtifactsDebug
> Task :app:generateDebugResources
> Task :app:packageDebugResources
> Task :app:parseDebugLocalResources
> Task :app:mapDebugSourceSetPaths
> Task :app:createDebugCompatibleScreenManifests
> Task :app:extractDeepLinksDebug
> Task :app:checkDebugAarMetadata
> Task :app:processDebugMainManifest
> Task :app:processDebugManifest
> Task :app:processDebugManifestForPackage
> Task :app:javaPreCompileDebug
> Task :app:mergeDebugShaders
> Task :app:compileDebugShaders NO-SOURCE
> Task :app:generateDebugAssets UP-TO-DATE
> Task :app:mergeDebugAssets
> Task :app:compressDebugAssets
> Task :app:desugarDebugFileDependencies
> Task :app:mergeDebugJniLibFolders
> Task :app:mergeDebugNativeLibs NO-SOURCE
> Task :app:stripDebugDebugSymbols NO-SOURCE
> Task :app:checkDebugDuplicateClasses
> Task :app:validateSigningDebug
> Task :app:writeDebugAppMetadata
> Task :app:writeDebugSigningConfigVersions
> Task :app:mergeLibDexDebug
> Task :app:mergeDebugResources
> Task :app:dataBindingGenBaseClassesDebug
> Task :app:processDebugResources

> Task :app:compileDebugKotlin
w: file:///Users/timtim2379/Downloads/workshop/mobile/SpeedWorkshopAndroid/app/src/main/java/ru/yandex/speed/workshop/android/presentation/productdetail/ProductDetailFragment.kt:153:31 'fun onBackPressed(): Unit' is deprecated. Deprecated in Java.

> Task :app:compileDebugJavaWithJavac
> Task :app:processDebugJavaRes
> Task :app:mergeExtDexDebug
> Task :app:dexBuilderDebug
> Task :app:mergeProjectDexDebug
> Task :app:mergeDebugJavaResource
> Task :app:packageDebug
> Task :app:createDebugApkListingFileRedirect
> Task :app:assembleDebug

BUILD SUCCESSFUL in 3s
35 actionable tasks: 35 executed
